
Started GET "/" for ::1 at 2015-09-24 05:51:37 -0400
Processing by WelcomeController#index as HTML
  Rendered welcome/index.html.erb within layouts/application (0.2ms)
Completed 200 OK in 51ms (Views: 50.7ms | ActiveRecord: 0.0ms)


Started GET "/login" for ::1 at 2015-09-24 05:51:38 -0400
Processing by SessionsController#new as HTML
  Rendered sessions/new.html.erb within layouts/application (3.7ms)
Completed 200 OK in 84ms (Views: 83.2ms | ActiveRecord: 0.0ms)


Started POST "/login" for ::1 at 2015-09-24 05:51:47 -0400
Processing by SessionsController#create as HTML
  Parameters: {"utf8"=>"✓", "authenticity_token"=>"F7z12uLwJrC1F3r0U5kQiOzEJEwtemFqEtQwFzkOtGsx2oUvlbuHFpXChsOobqJ/FlgXMtDp7oULSYeAJ26bAA==", "session"=>{"email"=>"rshah5@ncsu.edu", "password"=>"[FILTERED]", "option"=>"member"}, "commit"=>"Login"}
  [1m[35mAdmin Load (0.5ms)[0m  SELECT  "admins".* FROM "admins" WHERE "admins"."email" = ? LIMIT 1  [["email", "rshah5@ncsu.edu"]]
  [1m[36mMember Load (0.2ms)[0m  [1mSELECT  "members".* FROM "members" WHERE "members"."email" = ? LIMIT 1[0m  [["email", "rshah5@ncsu.edu"]]
Redirected to http://localhost:3000/
Completed 302 Found in 12ms (ActiveRecord: 0.9ms)


Started GET "/" for ::1 at 2015-09-24 05:51:47 -0400
Processing by WelcomeController#index as HTML
  [1m[35mMember Load (0.1ms)[0m  SELECT  "members".* FROM "members" WHERE "members"."id" = ? LIMIT 1  [["id", 6]]
  [1m[36mCACHE (0.0ms)[0m  [1mSELECT  "members".* FROM "members" WHERE "members"."id" = ? LIMIT 1[0m  [["id", "6"]]
  [1m[35mCACHE (0.0ms)[0m  SELECT  "members".* FROM "members" WHERE "members"."id" = ? LIMIT 1  [["id", "6"]]
  [1m[36mCACHE (0.0ms)[0m  [1mSELECT  "members".* FROM "members" WHERE "members"."id" = ? LIMIT 1[0m  [["id", "6"]]
  [1m[35mCACHE (0.0ms)[0m  SELECT  "members".* FROM "members" WHERE "members"."id" = ? LIMIT 1  [["id", "6"]]
  Rendered welcome/_search.html.erb (0.7ms)
  Rendered welcome/index.html.erb within layouts/application (3.8ms)
  [1m[36mCACHE (0.0ms)[0m  [1mSELECT  "members".* FROM "members" WHERE "members"."id" = ? LIMIT 1[0m  [["id", "6"]]
  [1m[35mCACHE (0.0ms)[0m  SELECT  "members".* FROM "members" WHERE "members"."id" = ? LIMIT 1  [["id", "6"]]
  [1m[36mCACHE (0.0ms)[0m  [1mSELECT  "members".* FROM "members" WHERE "members"."id" = ? LIMIT 1[0m  [["id", "6"]]
  [1m[35mCACHE (0.0ms)[0m  SELECT  "members".* FROM "members" WHERE "members"."id" = ? LIMIT 1  [["id", "6"]]
Completed 200 OK in 70ms (Views: 68.5ms | ActiveRecord: 0.2ms)


Started GET "/books?utf8=%E2%9C%93&search=ruby&search_option=name" for ::1 at 2015-09-24 05:51:53 -0400
Processing by BooksController#index as HTML
  Parameters: {"utf8"=>"✓", "search"=>"ruby", "search_option"=>"name"}
  [1m[36mMember Load (0.2ms)[0m  [1mSELECT  "members".* FROM "members" WHERE "members"."id" = ? LIMIT 1[0m  [["id", 6]]
  [1m[33mBook Search (18.8ms)[0m  curl http://localhost:9200/books_development/_search?pretty -d '{"query":{"dis_max":{"queries":[{"match":{"_all":{"query":"ruby","operator":"and","boost":1,"fuzziness":1,"prefix_length":0,"max_expansions":3,"analyzer":"searchkick_search"}}},{"match":{"_all":{"query":"ruby","operator":"and","boost":1,"fuzziness":1,"prefix_length":0,"max_expansions":3,"analyzer":"searchkick_search2"}}},{"match":{"_all":{"query":"ruby","operator":"and","boost":10,"analyzer":"searchkick_search"}}},{"match":{"_all":{"query":"ruby","operator":"and","boost":10,"analyzer":"searchkick_search2"}}}]}},"size":100000,"from":0,"fields":[]}'
  [1m[35mBook Load (0.6ms)[0m  SELECT "books".* FROM "books" WHERE "books"."isbn" IN (1232312, 1231211)
  [1m[36m (0.2ms)[0m  [1mSELECT COUNT(*) FROM "books" WHERE "books"."isbn" IN (1232312, 1231211)[0m
  [1m[35mCACHE (0.0ms)[0m  SELECT "books".* FROM "books" WHERE "books"."isbn" IN (1232312, 1231211)
  [1m[36mCACHE (0.0ms)[0m  [1mSELECT  "members".* FROM "members" WHERE "members"."id" = ? LIMIT 1[0m  [["id", "6"]]
  [1m[35mCACHE (0.0ms)[0m  SELECT  "members".* FROM "members" WHERE "members"."id" = ? LIMIT 1  [["id", "6"]]
  Rendered books/index.html.erb within layouts/application (2.8ms)
  [1m[36mCACHE (0.0ms)[0m  [1mSELECT  "members".* FROM "members" WHERE "members"."id" = ? LIMIT 1[0m  [["id", "6"]]
  [1m[35mCACHE (0.0ms)[0m  SELECT  "members".* FROM "members" WHERE "members"."id" = ? LIMIT 1  [["id", "6"]]
  [1m[36mCACHE (0.0ms)[0m  [1mSELECT  "members".* FROM "members" WHERE "members"."id" = ? LIMIT 1[0m  [["id", "6"]]
  [1m[35mCACHE (0.0ms)[0m  SELECT  "members".* FROM "members" WHERE "members"."id" = ? LIMIT 1  [["id", "6"]]
Completed 200 OK in 85ms (Views: 58.7ms | Searchkick: 18.8ms | ActiveRecord: 1.1ms)


Started GET "/" for ::1 at 2015-09-24 05:51:55 -0400
Processing by WelcomeController#index as HTML
  [1m[36mMember Load (0.2ms)[0m  [1mSELECT  "members".* FROM "members" WHERE "members"."id" = ? LIMIT 1[0m  [["id", 6]]
  [1m[35mCACHE (0.0ms)[0m  SELECT  "members".* FROM "members" WHERE "members"."id" = ? LIMIT 1  [["id", "6"]]
  [1m[36mCACHE (0.0ms)[0m  [1mSELECT  "members".* FROM "members" WHERE "members"."id" = ? LIMIT 1[0m  [["id", "6"]]
  [1m[35mCACHE (0.1ms)[0m  SELECT  "members".* FROM "members" WHERE "members"."id" = ? LIMIT 1  [["id", "6"]]
  [1m[36mCACHE (0.0ms)[0m  [1mSELECT  "members".* FROM "members" WHERE "members"."id" = ? LIMIT 1[0m  [["id", "6"]]
  Rendered welcome/_search.html.erb (1.4ms)
  Rendered welcome/index.html.erb within layouts/application (8.1ms)
  [1m[35mCACHE (0.0ms)[0m  SELECT  "members".* FROM "members" WHERE "members"."id" = ? LIMIT 1  [["id", "6"]]
  [1m[36mCACHE (0.0ms)[0m  [1mSELECT  "members".* FROM "members" WHERE "members"."id" = ? LIMIT 1[0m  [["id", "6"]]
  [1m[35mCACHE (0.0ms)[0m  SELECT  "members".* FROM "members" WHERE "members"."id" = ? LIMIT 1  [["id", "6"]]
  [1m[36mCACHE (0.0ms)[0m  [1mSELECT  "members".* FROM "members" WHERE "members"."id" = ? LIMIT 1[0m  [["id", "6"]]
Completed 200 OK in 94ms (Views: 92.8ms | ActiveRecord: 0.4ms)


Started GET "/books?utf8=%E2%9C%93&search=pressman&search_option=name" for ::1 at 2015-09-24 05:52:02 -0400
Processing by BooksController#index as HTML
  Parameters: {"utf8"=>"✓", "search"=>"pressman", "search_option"=>"name"}
  [1m[35mMember Load (0.1ms)[0m  SELECT  "members".* FROM "members" WHERE "members"."id" = ? LIMIT 1  [["id", 6]]
  [1m[33mBook Search (19.7ms)[0m  curl http://localhost:9200/books_development/_search?pretty -d '{"query":{"dis_max":{"queries":[{"match":{"_all":{"query":"pressman","operator":"and","boost":1,"fuzziness":1,"prefix_length":0,"max_expansions":3,"analyzer":"searchkick_search"}}},{"match":{"_all":{"query":"pressman","operator":"and","boost":1,"fuzziness":1,"prefix_length":0,"max_expansions":3,"analyzer":"searchkick_search2"}}},{"match":{"_all":{"query":"pressman","operator":"and","boost":10,"analyzer":"searchkick_search"}}},{"match":{"_all":{"query":"pressman","operator":"and","boost":10,"analyzer":"searchkick_search2"}}}]}},"size":100000,"from":0,"fields":[]}'
  [1m[36mBook Load (0.1ms)[0m  [1mSELECT "books".* FROM "books" WHERE "books"."isbn" = 12312[0m
  [1m[35m (0.1ms)[0m  SELECT COUNT(*) FROM "books" WHERE "books"."isbn" = 12312
  [1m[36mCACHE (0.0ms)[0m  [1mSELECT "books".* FROM "books" WHERE "books"."isbn" = 12312[0m
  [1m[35mCACHE (0.0ms)[0m  SELECT  "members".* FROM "members" WHERE "members"."id" = ? LIMIT 1  [["id", "6"]]
  Rendered books/index.html.erb within layouts/application (7.0ms)
  [1m[36mCACHE (0.0ms)[0m  [1mSELECT  "members".* FROM "members" WHERE "members"."id" = ? LIMIT 1[0m  [["id", "6"]]
  [1m[35mCACHE (0.0ms)[0m  SELECT  "members".* FROM "members" WHERE "members"."id" = ? LIMIT 1  [["id", "6"]]
  [1m[36mCACHE (0.0ms)[0m  [1mSELECT  "members".* FROM "members" WHERE "members"."id" = ? LIMIT 1[0m  [["id", "6"]]
  [1m[35mCACHE (0.0ms)[0m  SELECT  "members".* FROM "members" WHERE "members"."id" = ? LIMIT 1  [["id", "6"]]
Completed 200 OK in 91ms (Views: 68.6ms | Searchkick: 19.7ms | ActiveRecord: 0.5ms)


Started GET "/" for ::1 at 2015-09-24 05:52:03 -0400
Processing by WelcomeController#index as HTML
  [1m[36mMember Load (0.1ms)[0m  [1mSELECT  "members".* FROM "members" WHERE "members"."id" = ? LIMIT 1[0m  [["id", 6]]
  [1m[35mCACHE (0.0ms)[0m  SELECT  "members".* FROM "members" WHERE "members"."id" = ? LIMIT 1  [["id", "6"]]
  [1m[36mCACHE (0.0ms)[0m  [1mSELECT  "members".* FROM "members" WHERE "members"."id" = ? LIMIT 1[0m  [["id", "6"]]
  [1m[35mCACHE (0.0ms)[0m  SELECT  "members".* FROM "members" WHERE "members"."id" = ? LIMIT 1  [["id", "6"]]
  [1m[36mCACHE (0.0ms)[0m  [1mSELECT  "members".* FROM "members" WHERE "members"."id" = ? LIMIT 1[0m  [["id", "6"]]
  Rendered welcome/_search.html.erb (0.3ms)
  Rendered welcome/index.html.erb within layouts/application (3.7ms)
  [1m[35mCACHE (0.0ms)[0m  SELECT  "members".* FROM "members" WHERE "members"."id" = ? LIMIT 1  [["id", "6"]]
  [1m[36mCACHE (0.0ms)[0m  [1mSELECT  "members".* FROM "members" WHERE "members"."id" = ? LIMIT 1[0m  [["id", "6"]]
  [1m[35mCACHE (0.0ms)[0m  SELECT  "members".* FROM "members" WHERE "members"."id" = ? LIMIT 1  [["id", "6"]]
  [1m[36mCACHE (0.0ms)[0m  [1mSELECT  "members".* FROM "members" WHERE "members"."id" = ? LIMIT 1[0m  [["id", "6"]]
Completed 200 OK in 71ms (Views: 70.2ms | ActiveRecord: 0.2ms)


Started GET "/books?utf8=%E2%9C%93&search=pressman&search_option=name" for ::1 at 2015-09-24 05:52:13 -0400
Processing by BooksController#index as HTML
  Parameters: {"utf8"=>"✓", "search"=>"pressman", "search_option"=>"name"}
  [1m[35mMember Load (0.1ms)[0m  SELECT  "members".* FROM "members" WHERE "members"."id" = ? LIMIT 1  [["id", 6]]
  [1m[33mBook Search (7.9ms)[0m  curl http://localhost:9200/books_development/_search?pretty -d '{"query":{"dis_max":{"queries":[{"match":{"_all":{"query":"pressman","operator":"and","boost":1,"fuzziness":1,"prefix_length":0,"max_expansions":3,"analyzer":"searchkick_search"}}},{"match":{"_all":{"query":"pressman","operator":"and","boost":1,"fuzziness":1,"prefix_length":0,"max_expansions":3,"analyzer":"searchkick_search2"}}},{"match":{"_all":{"query":"pressman","operator":"and","boost":10,"analyzer":"searchkick_search"}}},{"match":{"_all":{"query":"pressman","operator":"and","boost":10,"analyzer":"searchkick_search2"}}}]}},"size":100000,"from":0,"fields":[]}'
  [1m[36mBook Load (0.1ms)[0m  [1mSELECT "books".* FROM "books" WHERE "books"."isbn" = 12312[0m
  [1m[35m (0.1ms)[0m  SELECT COUNT(*) FROM "books" WHERE "books"."isbn" = 12312
  [1m[36mCACHE (0.0ms)[0m  [1mSELECT "books".* FROM "books" WHERE "books"."isbn" = 12312[0m
  [1m[35mCACHE (0.0ms)[0m  SELECT  "members".* FROM "members" WHERE "members"."id" = ? LIMIT 1  [["id", "6"]]
  Rendered books/index.html.erb within layouts/application (2.1ms)
  [1m[36mCACHE (0.0ms)[0m  [1mSELECT  "members".* FROM "members" WHERE "members"."id" = ? LIMIT 1[0m  [["id", "6"]]
  [1m[35mCACHE (0.0ms)[0m  SELECT  "members".* FROM "members" WHERE "members"."id" = ? LIMIT 1  [["id", "6"]]
  [1m[36mCACHE (0.0ms)[0m  [1mSELECT  "members".* FROM "members" WHERE "members"."id" = ? LIMIT 1[0m  [["id", "6"]]
  [1m[35mCACHE (0.0ms)[0m  SELECT  "members".* FROM "members" WHERE "members"."id" = ? LIMIT 1  [["id", "6"]]
Completed 200 OK in 69ms (Views: 58.7ms | Searchkick: 7.9ms | ActiveRecord: 0.4ms)
  [1m[36mActiveRecord::SchemaMigration Load (0.1ms)[0m  [1mSELECT "schema_migrations".* FROM "schema_migrations"[0m
  [1m[36mActiveRecord::SchemaMigration Load (0.1ms)[0m  [1mSELECT "schema_migrations".* FROM "schema_migrations"[0m
Migrating to AddCheckOutToBooks (20150924095515)
  [1m[36mActiveRecord::SchemaMigration Load (0.1ms)[0m  [1mSELECT "schema_migrations".* FROM "schema_migrations"[0m
  [1m[35m (0.1ms)[0m  begin transaction
  [1m[36m (1.6ms)[0m  [1mALTER TABLE "books" ADD "checkout" varchar DEFAULT 'Available'[0m
  [1m[35mSQL (0.2ms)[0m  INSERT INTO "schema_migrations" ("version") VALUES (?)  [["version", "20150924095515"]]
  [1m[36m (0.5ms)[0m  [1mcommit transaction[0m
  [1m[35mActiveRecord::SchemaMigration Load (0.1ms)[0m  SELECT "schema_migrations".* FROM "schema_migrations"
  [1m[36mBook Load (1.2ms)[0m  [1mSELECT "books".* FROM "books"[0m
  [1m[36mActiveRecord::SchemaMigration Load (0.1ms)[0m  [1mSELECT "schema_migrations".* FROM "schema_migrations"[0m
  [1m[35m (0.1ms)[0m  begin transaction
  [1m[36m (0.1ms)[0m  [1mrollback transaction[0m
  [1m[36mActiveRecord::SchemaMigration Load (0.1ms)[0m  [1mSELECT "schema_migrations".* FROM "schema_migrations"[0m
  [1m[36mActiveRecord::SchemaMigration Load (0.1ms)[0m  [1mSELECT "schema_migrations".* FROM "schema_migrations"[0m
  [1m[35m (0.1ms)[0m  begin transaction
  [1m[36m (0.4ms)[0m  [1mCREATE TEMPORARY TABLE "abooks" ("isbn" INTEGER PRIMARY KEY AUTOINCREMENT NOT NULL, "name" varchar, "authors" text, "created_at" datetime NOT NULL, "updated_at" datetime NOT NULL, "checkout" varchar DEFAULT 'Available') [0m
  [1m[35m (0.1ms)[0m  SELECT * FROM "books"
  [1m[36m (0.1ms)[0m  [1mINSERT INTO "abooks" ("isbn","name","authors","created_at","updated_at","checkout") VALUES (12312, 'Software Engineering', 'Roger Pressman', '2015-09-24 08:35:26.546033', '2015-09-24 08:35:26.546033', 'Available')[0m
  [1m[35m (0.0ms)[0m  INSERT INTO "abooks" ("isbn","name","authors","created_at","updated_at","checkout") VALUES (41312, 'Database Management', 'Korth', '2015-09-24 08:36:54.238697', '2015-09-24 08:36:54.238697', 'Available')
  [1m[36m (0.0ms)[0m  [1mINSERT INTO "abooks" ("isbn","name","authors","created_at","updated_at","checkout") VALUES (1231211, 'Ruby CookBook', ' Leonard Richardson ,Lucas Carlson', '2015-09-24 08:36:07.571006', '2015-09-24 08:36:07.571006', 'Available')[0m
  [1m[35m (0.1ms)[0m  INSERT INTO "abooks" ("isbn","name","authors","created_at","updated_at","checkout") VALUES (1231231, 'Modern Approach - Artificial Intelligence', 'Rusell, Norvig', '2015-09-24 08:33:01.055963', '2015-09-24 08:33:01.055963', 'Available')
  [1m[36m (0.0ms)[0m  [1mINSERT INTO "abooks" ("isbn","name","authors","created_at","updated_at","checkout") VALUES (1232312, 'Ruby on Rails', 'Michael Hartley', '2015-09-24 08:30:05.412494', '2015-09-24 08:30:05.412494', 'Available')[0m
  [1m[35m (0.0ms)[0m  INSERT INTO "abooks" ("isbn","name","authors","created_at","updated_at","checkout") VALUES (12312311, 'Applied Mathematics ', 'Khumbhojkar', '2015-09-24 08:34:50.661828', '2015-09-24 08:34:50.661828', 'Available')
  [1m[36m (0.1ms)[0m  [1mINSERT INTO "abooks" ("isbn","name","authors","created_at","updated_at","checkout") VALUES (123123123, 'Introduction to Algorithms', 'Cormen, Leiserson, Rivest, Stein', '2015-09-24 08:31:23.460633', '2015-09-24 08:31:23.460633', 'Available')[0m
  [1m[35m (1.3ms)[0m  DROP TABLE "books"
  [1m[36m (0.1ms)[0m  [1mCREATE TABLE "books" ("isbn" INTEGER PRIMARY KEY AUTOINCREMENT NOT NULL, "name" varchar, "authors" text, "created_at" datetime NOT NULL, "updated_at" datetime NOT NULL) [0m
  [1m[35m (0.1ms)[0m  SELECT * FROM "abooks"
  [1m[36m (0.0ms)[0m  [1mINSERT INTO "books" ("isbn","name","authors","created_at","updated_at") VALUES (12312, 'Software Engineering', 'Roger Pressman', '2015-09-24 08:35:26.546033', '2015-09-24 08:35:26.546033')[0m
  [1m[35m (0.0ms)[0m  INSERT INTO "books" ("isbn","name","authors","created_at","updated_at") VALUES (41312, 'Database Management', 'Korth', '2015-09-24 08:36:54.238697', '2015-09-24 08:36:54.238697')
  [1m[36m (0.1ms)[0m  [1mINSERT INTO "books" ("isbn","name","authors","created_at","updated_at") VALUES (1231211, 'Ruby CookBook', ' Leonard Richardson ,Lucas Carlson', '2015-09-24 08:36:07.571006', '2015-09-24 08:36:07.571006')[0m
  [1m[35m (0.0ms)[0m  INSERT INTO "books" ("isbn","name","authors","created_at","updated_at") VALUES (1231231, 'Modern Approach - Artificial Intelligence', 'Rusell, Norvig', '2015-09-24 08:33:01.055963', '2015-09-24 08:33:01.055963')
  [1m[36m (0.0ms)[0m  [1mINSERT INTO "books" ("isbn","name","authors","created_at","updated_at") VALUES (1232312, 'Ruby on Rails', 'Michael Hartley', '2015-09-24 08:30:05.412494', '2015-09-24 08:30:05.412494')[0m
  [1m[35m (0.0ms)[0m  INSERT INTO "books" ("isbn","name","authors","created_at","updated_at") VALUES (12312311, 'Applied Mathematics ', 'Khumbhojkar', '2015-09-24 08:34:50.661828', '2015-09-24 08:34:50.661828')
  [1m[36m (0.0ms)[0m  [1mINSERT INTO "books" ("isbn","name","authors","created_at","updated_at") VALUES (123123123, 'Introduction to Algorithms', 'Cormen, Leiserson, Rivest, Stein', '2015-09-24 08:31:23.460633', '2015-09-24 08:31:23.460633')[0m
  [1m[35m (0.3ms)[0m  DROP TABLE "abooks"
  [1m[36mSQL (0.2ms)[0m  [1mDELETE FROM "schema_migrations" WHERE "schema_migrations"."version" = ?[0m  [["version", "20150924095515"]]
  [1m[35m (0.9ms)[0m  commit transaction
  [1m[36mActiveRecord::SchemaMigration Load (0.1ms)[0m  [1mSELECT "schema_migrations".* FROM "schema_migrations"[0m
  [1m[36mActiveRecord::SchemaMigration Load (0.1ms)[0m  [1mSELECT "schema_migrations".* FROM "schema_migrations"[0m
  [1m[36mActiveRecord::SchemaMigration Load (0.1ms)[0m  [1mSELECT "schema_migrations".* FROM "schema_migrations"[0m
  [1m[36mActiveRecord::SchemaMigration Load (0.1ms)[0m  [1mSELECT "schema_migrations".* FROM "schema_migrations"[0m
  [1m[35m (0.1ms)[0m  begin transaction
  [1m[36m (0.6ms)[0m  [1mALTER TABLE "books" ADD "status" varchar DEFAULT 'Available'[0m
  [1m[35mSQL (0.2ms)[0m  INSERT INTO "schema_migrations" ("version") VALUES (?)  [["version", "20150924100341"]]
  [1m[36m (0.6ms)[0m  [1mcommit transaction[0m
  [1m[35mActiveRecord::SchemaMigration Load (0.1ms)[0m  SELECT "schema_migrations".* FROM "schema_migrations"


Started GET "/" for ::1 at 2015-09-24 06:05:15 -0400
  [1m[36mActiveRecord::SchemaMigration Load (0.1ms)[0m  [1mSELECT "schema_migrations".* FROM "schema_migrations"[0m
Processing by WelcomeController#index as HTML
  [1m[35mMember Load (0.2ms)[0m  SELECT  "members".* FROM "members" WHERE "members"."id" = ? LIMIT 1  [["id", 6]]
  [1m[36mCACHE (0.0ms)[0m  [1mSELECT  "members".* FROM "members" WHERE "members"."id" = ? LIMIT 1[0m  [["id", "6"]]
  [1m[35mCACHE (0.0ms)[0m  SELECT  "members".* FROM "members" WHERE "members"."id" = ? LIMIT 1  [["id", "6"]]
  [1m[36mCACHE (0.0ms)[0m  [1mSELECT  "members".* FROM "members" WHERE "members"."id" = ? LIMIT 1[0m  [["id", "6"]]
  [1m[35mCACHE (0.0ms)[0m  SELECT  "members".* FROM "members" WHERE "members"."id" = ? LIMIT 1  [["id", "6"]]
  Rendered welcome/_search.html.erb (1.0ms)
  Rendered welcome/index.html.erb within layouts/application (33.5ms)
  [1m[36mCACHE (0.0ms)[0m  [1mSELECT  "members".* FROM "members" WHERE "members"."id" = ? LIMIT 1[0m  [["id", "6"]]
  [1m[35mCACHE (0.0ms)[0m  SELECT  "members".* FROM "members" WHERE "members"."id" = ? LIMIT 1  [["id", "6"]]
  [1m[36mCACHE (0.0ms)[0m  [1mSELECT  "members".* FROM "members" WHERE "members"."id" = ? LIMIT 1[0m  [["id", "6"]]
  [1m[35mCACHE (0.0ms)[0m  SELECT  "members".* FROM "members" WHERE "members"."id" = ? LIMIT 1  [["id", "6"]]
Completed 200 OK in 296ms (Views: 287.4ms | ActiveRecord: 0.7ms)


Started GET "/assets/books.self-e3b0c44298fc1c149afbf4c8996fb92427ae41e4649b934ca495991b7852b855.css?body=1" for ::1 at 2015-09-24 06:05:16 -0400


Started GET "/assets/members.self-e3b0c44298fc1c149afbf4c8996fb92427ae41e4649b934ca495991b7852b855.css?body=1" for ::1 at 2015-09-24 06:05:16 -0400


Started GET "/assets/scaffolds.self-d1d55e1bd9ea7c89659c8c3a3d66245c9b4265370927d9c3e3ba04ba12d55ca4.css?body=1" for ::1 at 2015-09-24 06:05:16 -0400


Started GET "/assets/sessions.self-e3b0c44298fc1c149afbf4c8996fb92427ae41e4649b934ca495991b7852b855.css?body=1" for ::1 at 2015-09-24 06:05:16 -0400


Started GET "/assets/admins.self-e3b0c44298fc1c149afbf4c8996fb92427ae41e4649b934ca495991b7852b855.css?body=1" for ::1 at 2015-09-24 06:05:16 -0400


Started GET "/assets/application.self-e80e8f2318043e8af94dddc2adad5a4f09739a8ebb323b3ab31cd71d45fd9113.css?body=1" for ::1 at 2015-09-24 06:05:16 -0400


Started GET "/assets/welcome.self-e3b0c44298fc1c149afbf4c8996fb92427ae41e4649b934ca495991b7852b855.css?body=1" for ::1 at 2015-09-24 06:05:16 -0400


Started GET "/assets/jquery.self-a714331225dda820228db323939889f149aec0127aeb06255646b616ba1ca419.js?body=1" for ::1 at 2015-09-24 06:05:16 -0400


Started GET "/assets/jquery_ujs.self-d456baa54c1fa6be2ec3711f0a72ddf7a5b2f34a6b4f515f33767d6207b7d4b3.js?body=1" for ::1 at 2015-09-24 06:05:16 -0400


Started GET "/assets/turbolinks.self-c37727e9bd6b2735da5c311aa83fead54ed0be6cc8bd9a65309e9c5abe2cbfff.js?body=1" for ::1 at 2015-09-24 06:05:16 -0400


Started GET "/assets/books.self-877aef30ae1b040ab8a3aba4e3e309a11d7f2612f44dde450b5c157aa5f95c05.js?body=1" for ::1 at 2015-09-24 06:05:16 -0400


Started GET "/assets/admins.self-877aef30ae1b040ab8a3aba4e3e309a11d7f2612f44dde450b5c157aa5f95c05.js?body=1" for ::1 at 2015-09-24 06:05:16 -0400


Started GET "/assets/members.self-877aef30ae1b040ab8a3aba4e3e309a11d7f2612f44dde450b5c157aa5f95c05.js?body=1" for ::1 at 2015-09-24 06:05:16 -0400


Started GET "/assets/sessions.self-877aef30ae1b040ab8a3aba4e3e309a11d7f2612f44dde450b5c157aa5f95c05.js?body=1" for ::1 at 2015-09-24 06:05:16 -0400


Started GET "/assets/welcome.self-877aef30ae1b040ab8a3aba4e3e309a11d7f2612f44dde450b5c157aa5f95c05.js?body=1" for ::1 at 2015-09-24 06:05:16 -0400


Started GET "/assets/application.self-3b8dabdc891efe46b9a144b400ad69e37d7e5876bdc39dee783419a69d7ca819.js?body=1" for ::1 at 2015-09-24 06:05:16 -0400


Started GET "/books?utf8=%E2%9C%93&search=ruby&search_option=name" for ::1 at 2015-09-24 06:05:21 -0400
Processing by BooksController#index as HTML
  Parameters: {"utf8"=>"✓", "search"=>"ruby", "search_option"=>"name"}
  [1m[36mMember Load (0.1ms)[0m  [1mSELECT  "members".* FROM "members" WHERE "members"."id" = ? LIMIT 1[0m  [["id", 6]]
  [1m[33mBook Search (21.9ms)[0m  curl http://localhost:9200/books_development/_search?pretty -d '{"query":{"dis_max":{"queries":[{"match":{"_all":{"query":"ruby","operator":"and","boost":1,"fuzziness":1,"prefix_length":0,"max_expansions":3,"analyzer":"searchkick_search"}}},{"match":{"_all":{"query":"ruby","operator":"and","boost":1,"fuzziness":1,"prefix_length":0,"max_expansions":3,"analyzer":"searchkick_search2"}}},{"match":{"_all":{"query":"ruby","operator":"and","boost":10,"analyzer":"searchkick_search"}}},{"match":{"_all":{"query":"ruby","operator":"and","boost":10,"analyzer":"searchkick_search2"}}}]}},"size":100000,"from":0,"fields":[]}'
  [1m[35mBook Load (0.3ms)[0m  SELECT "books".* FROM "books" WHERE "books"."isbn" IN (1232312, 1231211)
  [1m[36m (0.2ms)[0m  [1mSELECT COUNT(*) FROM "books" WHERE "books"."isbn" IN (1232312, 1231211)[0m
  [1m[35mCACHE (0.0ms)[0m  SELECT "books".* FROM "books" WHERE "books"."isbn" IN (1232312, 1231211)
  [1m[36mCACHE (0.0ms)[0m  [1mSELECT  "members".* FROM "members" WHERE "members"."id" = ? LIMIT 1[0m  [["id", "6"]]
  [1m[35mCACHE (0.0ms)[0m  SELECT  "members".* FROM "members" WHERE "members"."id" = ? LIMIT 1  [["id", "6"]]
  Rendered books/index.html.erb within layouts/application (6.7ms)
  [1m[36mCACHE (0.0ms)[0m  [1mSELECT  "members".* FROM "members" WHERE "members"."id" = ? LIMIT 1[0m  [["id", "6"]]
  [1m[35mCACHE (0.0ms)[0m  SELECT  "members".* FROM "members" WHERE "members"."id" = ? LIMIT 1  [["id", "6"]]
  [1m[36mCACHE (0.0ms)[0m  [1mSELECT  "members".* FROM "members" WHERE "members"."id" = ? LIMIT 1[0m  [["id", "6"]]
  [1m[35mCACHE (0.0ms)[0m  SELECT  "members".* FROM "members" WHERE "members"."id" = ? LIMIT 1  [["id", "6"]]
Completed 200 OK in 111ms (Views: 73.2ms | Searchkick: 21.9ms | ActiveRecord: 1.1ms)


Started GET "/books?utf8=%E2%9C%93&search=ruby&search_option=name" for ::1 at 2015-09-24 06:06:06 -0400
Processing by BooksController#index as HTML
  Parameters: {"utf8"=>"✓", "search"=>"ruby", "search_option"=>"name"}
  [1m[36mMember Load (0.1ms)[0m  [1mSELECT  "members".* FROM "members" WHERE "members"."id" = ? LIMIT 1[0m  [["id", 6]]
  [1m[33mBook Search (14.3ms)[0m  curl http://localhost:9200/books_development/_search?pretty -d '{"query":{"dis_max":{"queries":[{"match":{"_all":{"query":"ruby","operator":"and","boost":1,"fuzziness":1,"prefix_length":0,"max_expansions":3,"analyzer":"searchkick_search"}}},{"match":{"_all":{"query":"ruby","operator":"and","boost":1,"fuzziness":1,"prefix_length":0,"max_expansions":3,"analyzer":"searchkick_search2"}}},{"match":{"_all":{"query":"ruby","operator":"and","boost":10,"analyzer":"searchkick_search"}}},{"match":{"_all":{"query":"ruby","operator":"and","boost":10,"analyzer":"searchkick_search2"}}}]}},"size":100000,"from":0,"fields":[]}'
  [1m[35mBook Load (0.3ms)[0m  SELECT "books".* FROM "books" WHERE "books"."isbn" IN (1232312, 1231211)
  [1m[36m (0.2ms)[0m  [1mSELECT COUNT(*) FROM "books" WHERE "books"."isbn" IN (1232312, 1231211)[0m
  [1m[35mCACHE (0.0ms)[0m  SELECT "books".* FROM "books" WHERE "books"."isbn" IN (1232312, 1231211)
  [1m[36mCACHE (0.0ms)[0m  [1mSELECT  "members".* FROM "members" WHERE "members"."id" = ? LIMIT 1[0m  [["id", "6"]]
  [1m[35mCACHE (0.0ms)[0m  SELECT  "members".* FROM "members" WHERE "members"."id" = ? LIMIT 1  [["id", "6"]]
  Rendered books/index.html.erb within layouts/application (2.7ms)
  [1m[36mCACHE (0.0ms)[0m  [1mSELECT  "members".* FROM "members" WHERE "members"."id" = ? LIMIT 1[0m  [["id", "6"]]
  [1m[35mCACHE (0.0ms)[0m  SELECT  "members".* FROM "members" WHERE "members"."id" = ? LIMIT 1  [["id", "6"]]
  [1m[36mCACHE (0.0ms)[0m  [1mSELECT  "members".* FROM "members" WHERE "members"."id" = ? LIMIT 1[0m  [["id", "6"]]
  [1m[35mCACHE (0.0ms)[0m  SELECT  "members".* FROM "members" WHERE "members"."id" = ? LIMIT 1  [["id", "6"]]
Completed 200 OK in 80ms (Views: 62.3ms | Searchkick: 14.3ms | ActiveRecord: 0.7ms)


Started GET "/assets/members.self-e3b0c44298fc1c149afbf4c8996fb92427ae41e4649b934ca495991b7852b855.css?body=1" for ::1 at 2015-09-24 06:06:06 -0400


Started GET "/assets/books.self-e3b0c44298fc1c149afbf4c8996fb92427ae41e4649b934ca495991b7852b855.css?body=1" for ::1 at 2015-09-24 06:06:06 -0400


Started GET "/assets/sessions.self-e3b0c44298fc1c149afbf4c8996fb92427ae41e4649b934ca495991b7852b855.css?body=1" for ::1 at 2015-09-24 06:06:06 -0400


Started GET "/assets/scaffolds.self-d1d55e1bd9ea7c89659c8c3a3d66245c9b4265370927d9c3e3ba04ba12d55ca4.css?body=1" for ::1 at 2015-09-24 06:06:06 -0400


Started GET "/assets/welcome.self-e3b0c44298fc1c149afbf4c8996fb92427ae41e4649b934ca495991b7852b855.css?body=1" for ::1 at 2015-09-24 06:06:06 -0400


Started GET "/assets/admins.self-e3b0c44298fc1c149afbf4c8996fb92427ae41e4649b934ca495991b7852b855.css?body=1" for ::1 at 2015-09-24 06:06:06 -0400


Started GET "/assets/application.self-e80e8f2318043e8af94dddc2adad5a4f09739a8ebb323b3ab31cd71d45fd9113.css?body=1" for ::1 at 2015-09-24 06:06:06 -0400


Started GET "/assets/jquery.self-a714331225dda820228db323939889f149aec0127aeb06255646b616ba1ca419.js?body=1" for ::1 at 2015-09-24 06:06:06 -0400


Started GET "/assets/jquery_ujs.self-d456baa54c1fa6be2ec3711f0a72ddf7a5b2f34a6b4f515f33767d6207b7d4b3.js?body=1" for ::1 at 2015-09-24 06:06:06 -0400


Started GET "/assets/turbolinks.self-c37727e9bd6b2735da5c311aa83fead54ed0be6cc8bd9a65309e9c5abe2cbfff.js?body=1" for ::1 at 2015-09-24 06:06:06 -0400


Started GET "/assets/admins.self-877aef30ae1b040ab8a3aba4e3e309a11d7f2612f44dde450b5c157aa5f95c05.js?body=1" for ::1 at 2015-09-24 06:06:06 -0400


Started GET "/assets/books.self-877aef30ae1b040ab8a3aba4e3e309a11d7f2612f44dde450b5c157aa5f95c05.js?body=1" for ::1 at 2015-09-24 06:06:06 -0400


Started GET "/assets/members.self-877aef30ae1b040ab8a3aba4e3e309a11d7f2612f44dde450b5c157aa5f95c05.js?body=1" for ::1 at 2015-09-24 06:06:06 -0400


Started GET "/assets/sessions.self-877aef30ae1b040ab8a3aba4e3e309a11d7f2612f44dde450b5c157aa5f95c05.js?body=1" for ::1 at 2015-09-24 06:06:06 -0400


Started GET "/assets/welcome.self-877aef30ae1b040ab8a3aba4e3e309a11d7f2612f44dde450b5c157aa5f95c05.js?body=1" for ::1 at 2015-09-24 06:06:06 -0400


Started GET "/assets/application.self-3b8dabdc891efe46b9a144b400ad69e37d7e5876bdc39dee783419a69d7ca819.js?body=1" for ::1 at 2015-09-24 06:06:06 -0400


Started GET "/books/1231211" for ::1 at 2015-09-24 06:06:21 -0400
Processing by BooksController#show as HTML
  Parameters: {"isbn"=>"1231211"}
  [1m[36mBook Load (0.1ms)[0m  [1mSELECT  "books".* FROM "books" WHERE "books"."isbn" = ? LIMIT 1[0m  [["isbn", 1231211]]
  [1m[35mMember Load (0.1ms)[0m  SELECT  "members".* FROM "members" WHERE "members"."id" = ? LIMIT 1  [["id", 6]]
  Rendered books/show.html.erb within layouts/application (0.7ms)
  [1m[36mCACHE (0.0ms)[0m  [1mSELECT  "members".* FROM "members" WHERE "members"."id" = ? LIMIT 1[0m  [["id", "6"]]
  [1m[35mCACHE (0.0ms)[0m  SELECT  "members".* FROM "members" WHERE "members"."id" = ? LIMIT 1  [["id", "6"]]
  [1m[36mCACHE (0.0ms)[0m  [1mSELECT  "members".* FROM "members" WHERE "members"."id" = ? LIMIT 1[0m  [["id", "6"]]
  [1m[35mCACHE (0.0ms)[0m  SELECT  "members".* FROM "members" WHERE "members"."id" = ? LIMIT 1  [["id", "6"]]
Completed 200 OK in 55ms (Views: 53.0ms | ActiveRecord: 0.3ms)


Started GET "/books/1231211" for ::1 at 2015-09-24 06:06:40 -0400
Processing by BooksController#show as HTML
  Parameters: {"isbn"=>"1231211"}
  [1m[36mBook Load (0.1ms)[0m  [1mSELECT  "books".* FROM "books" WHERE "books"."isbn" = ? LIMIT 1[0m  [["isbn", 1231211]]
  [1m[35mMember Load (0.1ms)[0m  SELECT  "members".* FROM "members" WHERE "members"."id" = ? LIMIT 1  [["id", 6]]
  Rendered books/show.html.erb within layouts/application (1.1ms)
  [1m[36mCACHE (0.0ms)[0m  [1mSELECT  "members".* FROM "members" WHERE "members"."id" = ? LIMIT 1[0m  [["id", "6"]]
  [1m[35mCACHE (0.0ms)[0m  SELECT  "members".* FROM "members" WHERE "members"."id" = ? LIMIT 1  [["id", "6"]]
  [1m[36mCACHE (0.0ms)[0m  [1mSELECT  "members".* FROM "members" WHERE "members"."id" = ? LIMIT 1[0m  [["id", "6"]]
  [1m[35mCACHE (0.0ms)[0m  SELECT  "members".* FROM "members" WHERE "members"."id" = ? LIMIT 1  [["id", "6"]]
Completed 200 OK in 73ms (Views: 71.0ms | ActiveRecord: 0.3ms)


Started GET "/assets/admins.self-e3b0c44298fc1c149afbf4c8996fb92427ae41e4649b934ca495991b7852b855.css?body=1" for ::1 at 2015-09-24 06:06:40 -0400


Started GET "/assets/members.self-e3b0c44298fc1c149afbf4c8996fb92427ae41e4649b934ca495991b7852b855.css?body=1" for ::1 at 2015-09-24 06:06:40 -0400


Started GET "/assets/sessions.self-e3b0c44298fc1c149afbf4c8996fb92427ae41e4649b934ca495991b7852b855.css?body=1" for ::1 at 2015-09-24 06:06:40 -0400


Started GET "/assets/jquery.self-a714331225dda820228db323939889f149aec0127aeb06255646b616ba1ca419.js?body=1" for ::1 at 2015-09-24 06:06:40 -0400


Started GET "/assets/application.self-e80e8f2318043e8af94dddc2adad5a4f09739a8ebb323b3ab31cd71d45fd9113.css?body=1" for ::1 at 2015-09-24 06:06:40 -0400


Started GET "/assets/books.self-e3b0c44298fc1c149afbf4c8996fb92427ae41e4649b934ca495991b7852b855.css?body=1" for ::1 at 2015-09-24 06:06:40 -0400


Started GET "/assets/turbolinks.self-c37727e9bd6b2735da5c311aa83fead54ed0be6cc8bd9a65309e9c5abe2cbfff.js?body=1" for ::1 at 2015-09-24 06:06:40 -0400


Started GET "/assets/jquery_ujs.self-d456baa54c1fa6be2ec3711f0a72ddf7a5b2f34a6b4f515f33767d6207b7d4b3.js?body=1" for ::1 at 2015-09-24 06:06:40 -0400


Started GET "/assets/scaffolds.self-d1d55e1bd9ea7c89659c8c3a3d66245c9b4265370927d9c3e3ba04ba12d55ca4.css?body=1" for ::1 at 2015-09-24 06:06:40 -0400


Started GET "/assets/welcome.self-e3b0c44298fc1c149afbf4c8996fb92427ae41e4649b934ca495991b7852b855.css?body=1" for ::1 at 2015-09-24 06:06:40 -0400


Started GET "/assets/books.self-877aef30ae1b040ab8a3aba4e3e309a11d7f2612f44dde450b5c157aa5f95c05.js?body=1" for ::1 at 2015-09-24 06:06:40 -0400


Started GET "/assets/members.self-877aef30ae1b040ab8a3aba4e3e309a11d7f2612f44dde450b5c157aa5f95c05.js?body=1" for ::1 at 2015-09-24 06:06:40 -0400


Started GET "/assets/admins.self-877aef30ae1b040ab8a3aba4e3e309a11d7f2612f44dde450b5c157aa5f95c05.js?body=1" for ::1 at 2015-09-24 06:06:40 -0400


Started GET "/assets/sessions.self-877aef30ae1b040ab8a3aba4e3e309a11d7f2612f44dde450b5c157aa5f95c05.js?body=1" for ::1 at 2015-09-24 06:06:40 -0400


Started GET "/assets/welcome.self-877aef30ae1b040ab8a3aba4e3e309a11d7f2612f44dde450b5c157aa5f95c05.js?body=1" for ::1 at 2015-09-24 06:06:40 -0400


Started GET "/assets/application.self-3b8dabdc891efe46b9a144b400ad69e37d7e5876bdc39dee783419a69d7ca819.js?body=1" for ::1 at 2015-09-24 06:06:40 -0400


Started GET "/" for ::1 at 2015-09-24 06:06:42 -0400
Processing by WelcomeController#index as HTML
  [1m[36mMember Load (0.1ms)[0m  [1mSELECT  "members".* FROM "members" WHERE "members"."id" = ? LIMIT 1[0m  [["id", 6]]
  [1m[35mCACHE (0.0ms)[0m  SELECT  "members".* FROM "members" WHERE "members"."id" = ? LIMIT 1  [["id", "6"]]
  [1m[36mCACHE (0.0ms)[0m  [1mSELECT  "members".* FROM "members" WHERE "members"."id" = ? LIMIT 1[0m  [["id", "6"]]
  [1m[35mCACHE (0.0ms)[0m  SELECT  "members".* FROM "members" WHERE "members"."id" = ? LIMIT 1  [["id", "6"]]
  [1m[36mCACHE (0.0ms)[0m  [1mSELECT  "members".* FROM "members" WHERE "members"."id" = ? LIMIT 1[0m  [["id", "6"]]
  Rendered welcome/_search.html.erb (0.8ms)
  Rendered welcome/index.html.erb within layouts/application (4.5ms)
  [1m[35mCACHE (0.0ms)[0m  SELECT  "members".* FROM "members" WHERE "members"."id" = ? LIMIT 1  [["id", "6"]]
  [1m[36mCACHE (0.0ms)[0m  [1mSELECT  "members".* FROM "members" WHERE "members"."id" = ? LIMIT 1[0m  [["id", "6"]]
  [1m[35mCACHE (0.0ms)[0m  SELECT  "members".* FROM "members" WHERE "members"."id" = ? LIMIT 1  [["id", "6"]]
  [1m[36mCACHE (0.0ms)[0m  [1mSELECT  "members".* FROM "members" WHERE "members"."id" = ? LIMIT 1[0m  [["id", "6"]]
Completed 200 OK in 59ms (Views: 58.2ms | ActiveRecord: 0.2ms)


Started GET "/books" for ::1 at 2015-09-24 06:16:47 -0400
Processing by BooksController#index as HTML
  [1m[35mMember Load (0.1ms)[0m  SELECT  "members".* FROM "members" WHERE "members"."id" = ? LIMIT 1  [["id", 6]]
  [1m[36m (0.1ms)[0m  [1mSELECT COUNT(*) FROM "books"[0m
  [1m[35mBook Load (0.1ms)[0m  SELECT "books".* FROM "books"
  [1m[36mCACHE (0.0ms)[0m  [1mSELECT  "members".* FROM "members" WHERE "members"."id" = ? LIMIT 1[0m  [["id", "6"]]
  Rendered books/_checkout.html.erb (19.5ms)
  Rendered books/index.html.erb within layouts/application (23.5ms)
Completed 500 Internal Server Error in 30ms (ActiveRecord: 0.4ms)

ActionView::Template::Error (undefined local variable or method `checkout_path' for #<#<Class:0x007ffd619622e0>:0x007ffd5b445308>):
    1: <%= form_tag checkout_path, :method => 'post' do %>
    2:   
    3:     <%= text_field_tag :search, params[:search] %>
    4:     <%= radio_button_tag(:search_option, "name", checked:true) %>
  app/views/books/_checkout.html.erb:1:in `_app_views_books__checkout_html_erb__3375522873153202749_70363073386680'
  app/views/books/index.html.erb:29:in `block in _app_views_books_index_html_erb___2553349322047102509_70363067300500'
  app/views/books/index.html.erb:18:in `_app_views_books_index_html_erb___2553349322047102509_70363067300500'


  Rendered /Users/Rahul/.rbenv/versions/2.2.3/lib/ruby/gems/2.2.0/gems/actionpack-4.2.4/lib/action_dispatch/middleware/templates/rescues/_source.erb (6.0ms)
  Rendered /Users/Rahul/.rbenv/versions/2.2.3/lib/ruby/gems/2.2.0/gems/actionpack-4.2.4/lib/action_dispatch/middleware/templates/rescues/_trace.html.erb (2.4ms)
  Rendered /Users/Rahul/.rbenv/versions/2.2.3/lib/ruby/gems/2.2.0/gems/actionpack-4.2.4/lib/action_dispatch/middleware/templates/rescues/_request_and_response.html.erb (0.8ms)
  Rendered /Users/Rahul/.rbenv/versions/2.2.3/lib/ruby/gems/2.2.0/gems/actionpack-4.2.4/lib/action_dispatch/middleware/templates/rescues/template_error.html.erb within rescues/layout (57.4ms)
  Rendered /Users/Rahul/.rbenv/versions/2.2.3/lib/ruby/gems/2.2.0/gems/web-console-2.2.1/lib/web_console/templates/_markup.html.erb (0.4ms)
  Rendered /Users/Rahul/.rbenv/versions/2.2.3/lib/ruby/gems/2.2.0/gems/web-console-2.2.1/lib/web_console/templates/_inner_console_markup.html.erb within layouts/inlined_string (0.3ms)
  Rendered /Users/Rahul/.rbenv/versions/2.2.3/lib/ruby/gems/2.2.0/gems/web-console-2.2.1/lib/web_console/templates/_prompt_box_markup.html.erb within layouts/inlined_string (0.3ms)
  Rendered /Users/Rahul/.rbenv/versions/2.2.3/lib/ruby/gems/2.2.0/gems/web-console-2.2.1/lib/web_console/templates/style.css.erb within layouts/inlined_string (0.4ms)
  Rendered /Users/Rahul/.rbenv/versions/2.2.3/lib/ruby/gems/2.2.0/gems/web-console-2.2.1/lib/web_console/templates/console.js.erb within layouts/javascript (57.7ms)
  Rendered /Users/Rahul/.rbenv/versions/2.2.3/lib/ruby/gems/2.2.0/gems/web-console-2.2.1/lib/web_console/templates/main.js.erb within layouts/javascript (0.5ms)
  Rendered /Users/Rahul/.rbenv/versions/2.2.3/lib/ruby/gems/2.2.0/gems/web-console-2.2.1/lib/web_console/templates/error_page.js.erb within layouts/javascript (0.4ms)
  Rendered /Users/Rahul/.rbenv/versions/2.2.3/lib/ruby/gems/2.2.0/gems/web-console-2.2.1/lib/web_console/templates/index.html.erb (121.4ms)


Started GET "/books" for ::1 at 2015-09-24 06:16:48 -0400
Processing by BooksController#index as HTML
  [1m[35mMember Load (0.1ms)[0m  SELECT  "members".* FROM "members" WHERE "members"."id" = ? LIMIT 1  [["id", 6]]
  [1m[36m (0.1ms)[0m  [1mSELECT COUNT(*) FROM "books"[0m
  [1m[35mBook Load (0.2ms)[0m  SELECT "books".* FROM "books"
  [1m[36mCACHE (0.0ms)[0m  [1mSELECT  "members".* FROM "members" WHERE "members"."id" = ? LIMIT 1[0m  [["id", "6"]]
  Rendered books/_checkout.html.erb (16.2ms)
  Rendered books/index.html.erb within layouts/application (20.1ms)
Completed 500 Internal Server Error in 25ms (ActiveRecord: 0.4ms)

ActionView::Template::Error (undefined local variable or method `checkout_path' for #<#<Class:0x007ffd619622e0>:0x007ffd5caa58a0>):
    1: <%= form_tag checkout_path, :method => 'post' do %>
    2:   
    3:     <%= text_field_tag :search, params[:search] %>
    4:     <%= radio_button_tag(:search_option, "name", checked:true) %>
  app/views/books/_checkout.html.erb:1:in `_app_views_books__checkout_html_erb__3375522873153202749_70363111546640'
  app/views/books/index.html.erb:29:in `block in _app_views_books_index_html_erb___2553349322047102509_70363079044840'
  app/views/books/index.html.erb:18:in `_app_views_books_index_html_erb___2553349322047102509_70363079044840'


  Rendered /Users/Rahul/.rbenv/versions/2.2.3/lib/ruby/gems/2.2.0/gems/actionpack-4.2.4/lib/action_dispatch/middleware/templates/rescues/_source.erb (9.7ms)
  Rendered /Users/Rahul/.rbenv/versions/2.2.3/lib/ruby/gems/2.2.0/gems/actionpack-4.2.4/lib/action_dispatch/middleware/templates/rescues/_trace.html.erb (2.7ms)
  Rendered /Users/Rahul/.rbenv/versions/2.2.3/lib/ruby/gems/2.2.0/gems/actionpack-4.2.4/lib/action_dispatch/middleware/templates/rescues/_request_and_response.html.erb (1.0ms)
  Rendered /Users/Rahul/.rbenv/versions/2.2.3/lib/ruby/gems/2.2.0/gems/actionpack-4.2.4/lib/action_dispatch/middleware/templates/rescues/template_error.html.erb within rescues/layout (65.5ms)
  Rendered /Users/Rahul/.rbenv/versions/2.2.3/lib/ruby/gems/2.2.0/gems/web-console-2.2.1/lib/web_console/templates/_markup.html.erb (0.3ms)
  Rendered /Users/Rahul/.rbenv/versions/2.2.3/lib/ruby/gems/2.2.0/gems/web-console-2.2.1/lib/web_console/templates/_inner_console_markup.html.erb within layouts/inlined_string (0.3ms)
  Rendered /Users/Rahul/.rbenv/versions/2.2.3/lib/ruby/gems/2.2.0/gems/web-console-2.2.1/lib/web_console/templates/_prompt_box_markup.html.erb within layouts/inlined_string (0.3ms)
  Rendered /Users/Rahul/.rbenv/versions/2.2.3/lib/ruby/gems/2.2.0/gems/web-console-2.2.1/lib/web_console/templates/style.css.erb within layouts/inlined_string (0.3ms)
  Rendered /Users/Rahul/.rbenv/versions/2.2.3/lib/ruby/gems/2.2.0/gems/web-console-2.2.1/lib/web_console/templates/console.js.erb within layouts/javascript (49.7ms)
  Rendered /Users/Rahul/.rbenv/versions/2.2.3/lib/ruby/gems/2.2.0/gems/web-console-2.2.1/lib/web_console/templates/main.js.erb within layouts/javascript (0.3ms)
  Rendered /Users/Rahul/.rbenv/versions/2.2.3/lib/ruby/gems/2.2.0/gems/web-console-2.2.1/lib/web_console/templates/error_page.js.erb within layouts/javascript (0.4ms)
  Rendered /Users/Rahul/.rbenv/versions/2.2.3/lib/ruby/gems/2.2.0/gems/web-console-2.2.1/lib/web_console/templates/index.html.erb (110.0ms)


Started GET "/books" for ::1 at 2015-09-24 06:18:07 -0400
Processing by BooksController#index as HTML
  [1m[35mMember Load (0.1ms)[0m  SELECT  "members".* FROM "members" WHERE "members"."id" = ? LIMIT 1  [["id", 6]]
  [1m[36m (0.1ms)[0m  [1mSELECT COUNT(*) FROM "books"[0m
  [1m[35mBook Load (0.1ms)[0m  SELECT "books".* FROM "books"
  [1m[36mCACHE (0.0ms)[0m  [1mSELECT  "members".* FROM "members" WHERE "members"."id" = ? LIMIT 1[0m  [["id", "6"]]
  [1m[35mCACHE (0.0ms)[0m  SELECT  "members".* FROM "members" WHERE "members"."id" = ? LIMIT 1  [["id", "6"]]
  [1m[36mCACHE (0.0ms)[0m  [1mSELECT  "members".* FROM "members" WHERE "members"."id" = ? LIMIT 1[0m  [["id", "6"]]
  [1m[35mCACHE (0.0ms)[0m  SELECT  "members".* FROM "members" WHERE "members"."id" = ? LIMIT 1  [["id", "6"]]
  [1m[36mCACHE (0.0ms)[0m  [1mSELECT  "members".* FROM "members" WHERE "members"."id" = ? LIMIT 1[0m  [["id", "6"]]
  [1m[35mCACHE (0.0ms)[0m  SELECT  "members".* FROM "members" WHERE "members"."id" = ? LIMIT 1  [["id", "6"]]
  [1m[36mCACHE (0.0ms)[0m  [1mSELECT  "members".* FROM "members" WHERE "members"."id" = ? LIMIT 1[0m  [["id", "6"]]
  Rendered books/index.html.erb within layouts/application (4.6ms)
  [1m[35mCACHE (0.0ms)[0m  SELECT  "members".* FROM "members" WHERE "members"."id" = ? LIMIT 1  [["id", "6"]]
  [1m[36mCACHE (0.0ms)[0m  [1mSELECT  "members".* FROM "members" WHERE "members"."id" = ? LIMIT 1[0m  [["id", "6"]]
  [1m[35mCACHE (0.0ms)[0m  SELECT  "members".* FROM "members" WHERE "members"."id" = ? LIMIT 1  [["id", "6"]]
  [1m[36mCACHE (0.0ms)[0m  [1mSELECT  "members".* FROM "members" WHERE "members"."id" = ? LIMIT 1[0m  [["id", "6"]]
Completed 200 OK in 74ms (Views: 73.0ms | ActiveRecord: 0.5ms)


Started GET "/assets/books.self-e3b0c44298fc1c149afbf4c8996fb92427ae41e4649b934ca495991b7852b855.css?body=1" for ::1 at 2015-09-24 06:18:07 -0400


Started GET "/assets/members.self-e3b0c44298fc1c149afbf4c8996fb92427ae41e4649b934ca495991b7852b855.css?body=1" for ::1 at 2015-09-24 06:18:07 -0400


Started GET "/assets/admins.self-e3b0c44298fc1c149afbf4c8996fb92427ae41e4649b934ca495991b7852b855.css?body=1" for ::1 at 2015-09-24 06:18:07 -0400


Started GET "/assets/scaffolds.self-d1d55e1bd9ea7c89659c8c3a3d66245c9b4265370927d9c3e3ba04ba12d55ca4.css?body=1" for ::1 at 2015-09-24 06:18:07 -0400


Started GET "/assets/sessions.self-e3b0c44298fc1c149afbf4c8996fb92427ae41e4649b934ca495991b7852b855.css?body=1" for ::1 at 2015-09-24 06:18:07 -0400


Started GET "/assets/application.self-e80e8f2318043e8af94dddc2adad5a4f09739a8ebb323b3ab31cd71d45fd9113.css?body=1" for ::1 at 2015-09-24 06:18:07 -0400


Started GET "/assets/welcome.self-e3b0c44298fc1c149afbf4c8996fb92427ae41e4649b934ca495991b7852b855.css?body=1" for ::1 at 2015-09-24 06:18:07 -0400


Started GET "/assets/jquery.self-a714331225dda820228db323939889f149aec0127aeb06255646b616ba1ca419.js?body=1" for ::1 at 2015-09-24 06:18:07 -0400


Started GET "/assets/turbolinks.self-c37727e9bd6b2735da5c311aa83fead54ed0be6cc8bd9a65309e9c5abe2cbfff.js?body=1" for ::1 at 2015-09-24 06:18:07 -0400


Started GET "/assets/admins.self-877aef30ae1b040ab8a3aba4e3e309a11d7f2612f44dde450b5c157aa5f95c05.js?body=1" for ::1 at 2015-09-24 06:18:07 -0400


Started GET "/assets/members.self-877aef30ae1b040ab8a3aba4e3e309a11d7f2612f44dde450b5c157aa5f95c05.js?body=1" for ::1 at 2015-09-24 06:18:07 -0400


Started GET "/assets/books.self-877aef30ae1b040ab8a3aba4e3e309a11d7f2612f44dde450b5c157aa5f95c05.js?body=1" for ::1 at 2015-09-24 06:18:07 -0400


Started GET "/assets/jquery_ujs.self-d456baa54c1fa6be2ec3711f0a72ddf7a5b2f34a6b4f515f33767d6207b7d4b3.js?body=1" for ::1 at 2015-09-24 06:18:07 -0400


Started GET "/assets/sessions.self-877aef30ae1b040ab8a3aba4e3e309a11d7f2612f44dde450b5c157aa5f95c05.js?body=1" for ::1 at 2015-09-24 06:18:07 -0400


Started GET "/assets/welcome.self-877aef30ae1b040ab8a3aba4e3e309a11d7f2612f44dde450b5c157aa5f95c05.js?body=1" for ::1 at 2015-09-24 06:18:07 -0400


Started GET "/assets/application.self-3b8dabdc891efe46b9a144b400ad69e37d7e5876bdc39dee783419a69d7ca819.js?body=1" for ::1 at 2015-09-24 06:18:07 -0400
  [1m[36mBookTransaction Load (0.6ms)[0m  [1mSELECT "book_transactions".* FROM "book_transactions"[0m
SQLite3::SQLException: no such table: book_transactions: SELECT "book_transactions".* FROM "book_transactions"
  [1m[35mBook Load (2.2ms)[0m  SELECT "books".* FROM "books"
  [1m[36mActiveRecord::SchemaMigration Load (0.1ms)[0m  [1mSELECT "schema_migrations".* FROM "schema_migrations"[0m
Migrating to CreateBookTransactions (20150924105006)
  [1m[35m (0.1ms)[0m  begin transaction
  [1m[36m (0.4ms)[0m  [1mCREATE TABLE "book_transactions" ("id" INTEGER PRIMARY KEY AUTOINCREMENT NOT NULL, "isbn" integer, "member_id" integer) [0m
  [1m[35mSQL (0.2ms)[0m  INSERT INTO "schema_migrations" ("version") VALUES (?)  [["version", "20150924105006"]]
  [1m[36m (0.5ms)[0m  [1mcommit transaction[0m
  [1m[35mActiveRecord::SchemaMigration Load (0.1ms)[0m  SELECT "schema_migrations".* FROM "schema_migrations"
  [1m[36mBookTransaction Load (1.2ms)[0m  [1mSELECT "book_transactions".* FROM "book_transactions"[0m


Started GET "/books/12312" for ::1 at 2015-09-24 06:57:59 -0400
  [1m[35mActiveRecord::SchemaMigration Load (0.1ms)[0m  SELECT "schema_migrations".* FROM "schema_migrations"
Processing by BooksController#show as HTML
  Parameters: {"isbn"=>"12312"}
  [1m[36mBook Load (0.1ms)[0m  [1mSELECT  "books".* FROM "books" WHERE "books"."isbn" = ? LIMIT 1[0m  [["isbn", 12312]]
  [1m[35mMember Load (0.1ms)[0m  SELECT  "members".* FROM "members" WHERE "members"."id" = ? LIMIT 1  [["id", 6]]
  Rendered books/show.html.erb within layouts/application (0.7ms)
  [1m[36mCACHE (0.0ms)[0m  [1mSELECT  "members".* FROM "members" WHERE "members"."id" = ? LIMIT 1[0m  [["id", "6"]]
  [1m[35mCACHE (0.0ms)[0m  SELECT  "members".* FROM "members" WHERE "members"."id" = ? LIMIT 1  [["id", "6"]]
  [1m[36mCACHE (0.0ms)[0m  [1mSELECT  "members".* FROM "members" WHERE "members"."id" = ? LIMIT 1[0m  [["id", "6"]]
  [1m[35mCACHE (0.0ms)[0m  SELECT  "members".* FROM "members" WHERE "members"."id" = ? LIMIT 1  [["id", "6"]]
Completed 200 OK in 96ms (Views: 66.9ms | ActiveRecord: 0.8ms)
  [1m[36m (0.1ms)[0m  [1mbegin transaction[0m
  [1m[35mSQL (0.6ms)[0m  INSERT INTO "book_transactions" ("isbn", "member_id") VALUES (?, ?)  [["isbn", 12312], ["member_id", 1]]
  [1m[36m (1.4ms)[0m  [1mcommit transaction[0m
>>>>>>> search
